#
# A fatal error has been detected by the Java Runtime Environment:
#
#  SIGSEGV (0xb) at pc=0x0000000102b3355c, pid=85238, tid=20227
#
# JRE version: Java(TM) SE Runtime Environment (7.0_45-b18) (build 1.7.0_45-b18)
# Java VM: Java HotSpot(TM) 64-Bit Server VM (24.45-b08 mixed mode bsd-amd64 compressed oops)
# Problematic frame:
# V  [libjvm.dylib+0x33355c]  jvmti_IsMethodSynthetic+0xb9
#
# Failed to write core dump. Core dumps have been disabled. To enable core dumping, try "ulimit -c unlimited" before starting Java again
#
# If you would like to submit a bug report, please visit:
#   http://bugreport.sun.com/bugreport/crash.jsp
#

---------------  T H R E A D  ---------------

Current thread (0x00007ffca383c000):  JavaThread "JDWP Transport Listener: dt_socket" daemon [_thread_in_vm, id=20227, stack(0x0000000110482000,0x0000000110582000)]

siginfo:si_signo=SIGSEGV: si_errno=0, si_code=0 (SEGV0), si_addr=0x0000000000000000

Registers:
RAX=0x0000000000000001, RBX=0x0000000110581a8b, RCX=0x00000000000fc080, RDX=0x0000000110581a8b
RSP=0x00000001105819f0, RBP=0x0000000110581a40, RSI=0x00007ffca383c000, RDI=0x00007ffca1f01b00
R8 =0x00007ffca1d2ff30, R9 =0x00007ffca1d30b80, R10=0x00000000f3105cfa, R11=0x0000000077de1756
R12=0x00007ffca383c000, R13=0x0002000000000000, R14=0x0002000000000000, R15=0x00007ffca1f01b00
RIP=0x0000000102b3355c, EFLAGS=0x0000000000010206, ERR=0x0000000000000000
  TRAPNO=0x000000000000000d

Top of Stack: (sp=0x00000001105819f0)
0x00000001105819f0:   00007ffca383c000 0000000000000000
0x0000000110581a00:   0000000000000000 0000000000000000
0x0000000110581a10:   00007ffca383c000 00007ffca383c000
0x0000000110581a20:   0000000110581a8b 0000000110581a90
0x0000000110581a30:   0002000000000000 0000000000000003
0x0000000110581a40:   0000000110581a60 00000001033a61f8
0x0000000110581a50:   0000000000000001 0000000110581b08
0x0000000110581a60:   0000000110581ad0 000000010338b02b
0x0000000110581a70:   0000000110581aa0 00007ffca1d33fa0
0x0000000110581a80:   0000000400000032 0000000900581b08
0x0000000110581a90:   0000000000000000 0000000000000000
0x0000000110581aa0:   0000000000000000 0000000110581c90
0x0000000110581ab0:   00000001033addc0 00007ffca4205350
0x0000000110581ac0:   0000000110581b08 00000001033b9578
0x0000000110581ad0:   0000000110581ae0 000000010338b124
0x0000000110581ae0:   0000000110581d00 00000001033946b2
0x0000000110581af0:   000070f100000013 00000000000f0200
0x0000000110581b00:   00007ffca4205500 0000000110581bea
0x0000000110581b10:   00007ffc0000009a 0000000110581b20
0x0000000110581b20:   00007ffc00000092 0000000110581b58
0x0000000110581b30:   0000000000000000 00007f0000000000
0x0000000110581b40:   000070f100000030 00007fff00003e80
0x0000000110581b50:   0000000110581b58 fc7f000004000000
0x0000000110581b60:   0a0000008821f1a1 6576456573726170
0x0000000110581b70:   4c2815000000746e 6e616c2f6176616a
0x0000000110581b80:   676e697274532f67 000000000056293b
0x0000000110581b90:   a1fc7f0000090000 670a0000002835d2
0x0000000110581ba0:   6e6f6f7668537465 5629280300000067
0x0000000110581bb0:   0a00000000000000 8021f1a1fc7f0000
0x0000000110581bc0:   6e69616d04000000 6a4c5b2816000000
0x0000000110581bd0:   676e616c2f617661 3b676e697274532f
0x0000000110581be0:   0000000000005629 690000007b000900 

Instructions: (pc=0x0000000102b3355c)
0x0000000102b3353c:   00 00 00 41 f6 87 68 01 00 00 10 75 07 b8 63 00
0x0000000102b3354c:   00 00 eb 7a 4d 85 f6 75 07 b8 17 00 00 00 eb 6e
0x0000000102b3355c:   4d 8b 36 48 b8 fe fe fe fe fe fe fe fe 49 39 c6
0x0000000102b3356c:   74 e7 4d 85 f6 74 e2 48 8d 05 16 f7 4c 00 80 38 

Register to memory mapping:

RAX=0x0000000000000001 is an unknown value
RBX=0x0000000110581a8b is pointing into the stack for thread: 0x00007ffca383c000
RCX=0x00000000000fc080 is an unknown value
RDX=0x0000000110581a8b is pointing into the stack for thread: 0x00007ffca383c000
RSP=0x00000001105819f0 is pointing into the stack for thread: 0x00007ffca383c000
RBP=0x0000000110581a40 is pointing into the stack for thread: 0x00007ffca383c000
RSI=0x00007ffca383c000 is a thread
RDI=0x00007ffca1f01b00 is an unknown value
R8 =0x00007ffca1d2ff30 is an unknown value
R9 =0x00007ffca1d30b80 is an unknown value
R10=0x00000000f3105cfa is an unknown value
R11=0x0000000077de1756 is an unknown value
R12=0x00007ffca383c000 is a thread
R13=0x0002000000000000 is an unknown value
R14=0x0002000000000000 is an unknown value
R15=0x00007ffca1f01b00 is an unknown value


Stack: [0x0000000110482000,0x0000000110582000],  sp=0x00000001105819f0,  free space=1022k
Native frames: (J=compiled Java code, j=interpreted, Vv=VM code, C=native code)
V  [libjvm.dylib+0x33355c]  jvmti_IsMethodSynthetic+0xb9
C  [libjdwp.dylib+0x201f8]  isMethodSynthetic+0x63
C  [libjdwp.dylib+0x502b]  methods1+0x10b
C  [libjdwp.dylib+0x5124]  methodsWithGeneric+0xe
C  [libjdwp.dylib+0xe6b2]  debugLoop_run+0x1ce
C  [libjdwp.dylib+0x1f132]  attachThread+0x4d
V  [libjvm.dylib+0x37417e]  JvmtiAgentThread::call_start_function()+0x38
V  [libjvm.dylib+0x4efb47]  JavaThread::thread_main_inner()+0x9b
V  [libjvm.dylib+0x4f124f]  JavaThread::run()+0x1a3
V  [libjvm.dylib+0x41b1c6]  java_start(Thread*)+0x126
C  [libsystem_pthread.dylib+0x1899]  _pthread_body+0x8a
C  [libsystem_pthread.dylib+0x172a]  _pthread_struct_init+0x0
C  [libsystem_pthread.dylib+0x5fc9]  thread_start+0xd


---------------  P R O C E S S  ---------------

Java Threads: ( => current thread )
  0x00007ffca3004800 JavaThread "Service Thread" daemon [_thread_blocked, id=22787, stack(0x0000000110991000,0x0000000110a91000)]
  0x00007ffca5007800 JavaThread "C2 CompilerThread1" daemon [_thread_blocked, id=22275, stack(0x000000011088e000,0x000000011098e000)]
  0x00007ffca6001000 JavaThread "C2 CompilerThread0" daemon [_thread_blocked, id=21763, stack(0x000000011078b000,0x000000011088b000)]
  0x00007ffca200a000 JavaThread "JDWP Command Reader" daemon [_thread_in_native, id=21251, stack(0x0000000110688000,0x0000000110788000)]
  0x00007ffca383d000 JavaThread "JDWP Event Helper Thread" daemon [_thread_blocked, id=20739, stack(0x0000000110585000,0x0000000110685000)]
=>0x00007ffca383c000 JavaThread "JDWP Transport Listener: dt_socket" daemon [_thread_in_vm, id=20227, stack(0x0000000110482000,0x0000000110582000)]
  0x00007ffca2829000 JavaThread "Signal Dispatcher" daemon [_thread_blocked, id=19715, stack(0x0000000110379000,0x0000000110479000)]
  0x00007ffca280f800 JavaThread "Finalizer" daemon [_thread_blocked, id=14595, stack(0x000000011012a000,0x000000011022a000)]
  0x00007ffca280c800 JavaThread "Reference Handler" daemon [_thread_blocked, id=14083, stack(0x0000000110027000,0x0000000110127000)]
  0x00007ffca4800000 JavaThread "main" [_thread_blocked, id=6403, stack(0x0000000103254000,0x0000000103354000)]

Other Threads:
  0x00007ffca280c000 VMThread [stack: 0x000000010ff24000,0x0000000110024000] [id=13571]
  0x00007ffca200c800 WatcherThread [stack: 0x0000000110a94000,0x0000000110b94000] [id=23299]

VM state:not at safepoint (normal execution)

VM Mutex/Monitor currently owned by a thread: None

Heap
 PSYoungGen      total 57344K, used 14568K [0x00000007c0000000, 0x00000007c4000000, 0x0000000800000000)
  eden space 49152K, 29% used [0x00000007c0000000,0x00000007c0e3a098,0x00000007c3000000)
  from space 8192K, 0% used [0x00000007c3800000,0x00000007c3800000,0x00000007c4000000)
  to   space 8192K, 0% used [0x00000007c3000000,0x00000007c3000000,0x00000007c3800000)
 ParOldGen       total 131072K, used 0K [0x0000000740000000, 0x0000000748000000, 0x00000007c0000000)
  object space 131072K, 0% used [0x0000000740000000,0x0000000740000000,0x0000000748000000)
 PSPermGen       total 21504K, used 5622K [0x000000073ae00000, 0x000000073c300000, 0x0000000740000000)
  object space 21504K, 26% used [0x000000073ae00000,0x000000073b37dae0,0x000000073c300000)

Card table byte_map: [0x000000010648c000,0x0000000106ab6000] byte_map_base: 0x0000000102ab5000

Polling page: 0x00000001017ee000

Code Cache  [0x00000001033cc000, 0x000000010363c000, 0x00000001063cc000)
 total_blobs=273 nmethods=80 adapters=155 free_code_cache=48457Kb largest_free_block=49531712

Compilation events (10 events):
Event: 0.534 Thread 0x00007ffca5007800 nmethod 76 0x0000000103457150 code [0x00000001034572a0, 0x0000000103457398]
Event: 0.534 Thread 0x00007ffca5007800   77             java.util.ArrayList::rangeCheck (22 bytes)
Event: 0.535 Thread 0x00007ffca5007800 nmethod 77 0x0000000103455e50 code [0x0000000103455f80, 0x0000000103455ff8]
Event: 0.535 Thread 0x00007ffca5007800   78             java.util.ArrayList::elementData (7 bytes)
Event: 0.535 Thread 0x00007ffca5007800 nmethod 78 0x0000000103455b50 code [0x0000000103455ca0, 0x0000000103455d78]
Event: 0.545 Thread 0x00007ffca5007800   79             java.util.HashMap::addEntry (69 bytes)
Event: 0.555 Thread 0x00007ffca5007800 nmethod 79 0x0000000103458cd0 code [0x0000000103458f00, 0x0000000103459ae8]
Event: 0.555 Thread 0x00007ffca5007800   80             java.util.LinkedHashMap::access$100 (5 bytes)
Event: 0.555 Thread 0x00007ffca5007800 nmethod 80 0x0000000103455910 code [0x0000000103455a40, 0x0000000103455ab8]
Event: 0.832 Thread 0x00007ffca6001000 nmethod 57 0x000000010346afd0 code [0x000000010346ca40, 0x000000010347b4c8]

GC Heap History (0 events):
No events

Deoptimization events (4 events):
Event: 0.267 Thread 0x00007ffca4800000 Uncommon trap: reason=class_check action=maybe_recompile pc=0x000000010342fcc0 method=java.util.Properties$LineReader.readLine()I @ 62
Event: 0.267 Thread 0x00007ffca4800000 Uncommon trap: reason=class_check action=maybe_recompile pc=0x000000010342fcc0 method=java.util.Properties$LineReader.readLine()I @ 62
Event: 0.269 Thread 0x00007ffca4800000 Uncommon trap: reason=class_check action=maybe_recompile pc=0x000000010342fcc0 method=java.util.Properties$LineReader.readLine()I @ 62
Event: 0.271 Thread 0x00007ffca4800000 Uncommon trap: reason=class_check action=maybe_recompile pc=0x000000010342fcc0 method=java.util.Properties$LineReader.readLine()I @ 62

Internal exceptions (10 events):
Event: 0.352 Thread 0x00007ffca4800000 Threw 0x00000007c07c9478 at /HUDSON/workspace/7u-2-build-macosx-x86_64/jdk7u45/229/hotspot/src/share/vm/prims/jvm.cpp:1244
Event: 0.353 Thread 0x00007ffca4800000 Threw 0x00000007c07d0da0 at /HUDSON/workspace/7u-2-build-macosx-x86_64/jdk7u45/229/hotspot/src/share/vm/prims/jvm.cpp:1244
Event: 0.355 Thread 0x00007ffca4800000 Threw 0x00000007c07d8e48 at /HUDSON/workspace/7u-2-build-macosx-x86_64/jdk7u45/229/hotspot/src/share/vm/prims/jvm.cpp:1244
Event: 0.358 Thread 0x00007ffca4800000 Threw 0x00000007c07e4ef8 at /HUDSON/workspace/7u-2-build-macosx-x86_64/jdk7u45/229/hotspot/src/share/vm/prims/jvm.cpp:1244
Event: 0.359 Thread 0x00007ffca4800000 Threw 0x00000007c07ec358 at /HUDSON/workspace/7u-2-build-macosx-x86_64/jdk7u45/229/hotspot/src/share/vm/prims/jvm.cpp:1244
Event: 0.366 Thread 0x00007ffca4800000 Threw 0x00000007c08110f8 at /HUDSON/workspace/7u-2-build-macosx-x86_64/jdk7u45/229/hotspot/src/share/vm/prims/jvm.cpp:1244
Event: 0.478 Thread 0x00007ffca4800000 Threw 0x00000007c0b949a8 at /HUDSON/workspace/7u-2-build-macosx-x86_64/jdk7u45/229/hotspot/src/share/vm/prims/jvm.cpp:1244
Event: 0.479 Thread 0x00007ffca4800000 Threw 0x00000007c0b983d0 at /HUDSON/workspace/7u-2-build-macosx-x86_64/jdk7u45/229/hotspot/src/share/vm/prims/jvm.cpp:1244
Event: 0.479 Thread 0x00007ffca4800000 Threw 0x00000007c0b9c5b8 at /HUDSON/workspace/7u-2-build-macosx-x86_64/jdk7u45/229/hotspot/src/share/vm/prims/jvm.cpp:1244
Event: 0.549 Thread 0x00007ffca4800000 Threw 0x00000007c0db2968 at /HUDSON/workspace/7u-2-build-macosx-x86_64/jdk7u45/229/hotspot/src/share/vm/prims/jvm.cpp:1244

Events (10 events):
Event: 70137.231 Executing VM operation: ChangeBreakpoints
Event: 70137.231 Executing VM operation: ChangeBreakpoints done
Event: 70138.250 Executing VM operation: RedefineClasses
Event: 70138.252 Executing VM operation: RedefineClasses done
Event: 70138.262 Executing VM operation: ChangeBreakpoints
Event: 70138.262 Executing VM operation: ChangeBreakpoints done
Event: 70203.736 Executing VM operation: ChangeBreakpoints
Event: 70203.736 Executing VM operation: ChangeBreakpoints done
Event: 70763.415 Executing VM operation: RedefineClasses
Event: 70763.416 Executing VM operation: RedefineClasses done


Dynamic libraries:
0x00000000055c1000 	/System/Library/Frameworks/Cocoa.framework/Versions/A/Cocoa
0x00000000055c1000 	/System/Library/Frameworks/Security.framework/Versions/A/Security
0x00000000055c1000 	/System/Library/Frameworks/ApplicationServices.framework/Versions/A/ApplicationServices
0x00000000055c1000 	/usr/lib/libz.1.dylib
0x00000000055c1000 	/usr/lib/libSystem.B.dylib
0x00000000055c1000 	/usr/lib/libobjc.A.dylib
0x00000000055c1000 	/System/Library/Frameworks/CoreFoundation.framework/Versions/A/CoreFoundation
0x00000000055c1000 	/System/Library/Frameworks/Foundation.framework/Versions/C/Foundation
0x00000000055c1000 	/System/Library/Frameworks/AppKit.framework/Versions/C/AppKit
0x00000000055c1000 	/System/Library/Frameworks/CoreData.framework/Versions/A/CoreData
0x00000000055c1000 	/System/Library/PrivateFrameworks/RemoteViewServices.framework/Versions/A/RemoteViewServices
0x00000000055c1000 	/System/Library/Frameworks/AudioToolbox.framework/Versions/A/AudioToolbox
0x00000000055c1000 	/System/Library/Frameworks/AudioUnit.framework/Versions/A/AudioUnit
0x00000000055c1000 	/System/Library/PrivateFrameworks/DataDetectorsCore.framework/Versions/A/DataDetectorsCore
0x00000000055c1000 	/System/Library/PrivateFrameworks/DesktopServicesPriv.framework/Versions/A/DesktopServicesPriv
0x00000000055c1000 	/System/Library/Frameworks/Carbon.framework/Versions/A/Frameworks/HIToolbox.framework/Versions/A/HIToolbox
0x00000000055c1000 	/System/Library/Frameworks/QuartzCore.framework/Versions/A/QuartzCore
0x00000000055c1000 	/System/Library/Frameworks/Carbon.framework/Versions/A/Frameworks/SpeechRecognition.framework/Versions/A/SpeechRecognition
0x00000000055c1000 	/usr/lib/libauto.dylib
0x00000000055c1000 	/usr/lib/libicucore.A.dylib
0x00000000055c1000 	/usr/lib/libxml2.2.dylib
0x00000000055c1000 	/System/Library/PrivateFrameworks/CoreUI.framework/Versions/A/CoreUI
0x00000000055c1000 	/System/Library/Frameworks/CoreAudio.framework/Versions/A/CoreAudio
0x00000000055c1000 	/System/Library/Frameworks/DiskArbitration.framework/Versions/A/DiskArbitration
0x00000000055c1000 	/usr/lib/liblangid.dylib
0x00000000055c1000 	/System/Library/PrivateFrameworks/MultitouchSupport.framework/Versions/A/MultitouchSupport
0x00000000055c1000 	/System/Library/Frameworks/IOKit.framework/Versions/A/IOKit
0x00000000055c1000 	/usr/lib/libDiagnosticMessagesClient.dylib
0x00000000055c1000 	/System/Library/Frameworks/CoreServices.framework/Versions/A/CoreServices
0x00000000055c1000 	/System/Library/PrivateFrameworks/PerformanceAnalysis.framework/Versions/A/PerformanceAnalysis
0x00000000055c1000 	/System/Library/PrivateFrameworks/GenerationalStorage.framework/Versions/A/GenerationalStorage
0x00000000055c1000 	/System/Library/Frameworks/OpenGL.framework/Versions/A/OpenGL
0x00000000055c1000 	/System/Library/PrivateFrameworks/Sharing.framework/Versions/A/Sharing
0x00000000055c1000 	/System/Library/Frameworks/ImageIO.framework/Versions/A/ImageIO
0x00000000055c1000 	/System/Library/Frameworks/CoreText.framework/Versions/A/CoreText
0x00000000055c1000 	/System/Library/Frameworks/CoreGraphics.framework/Versions/A/CoreGraphics
0x00000000055c1000 	/System/Library/PrivateFrameworks/Backup.framework/Versions/A/Backup
0x00000000055c1000 	/System/Library/Frameworks/CFNetwork.framework/Versions/A/CFNetwork
0x00000000055c1000 	/System/Library/Frameworks/SystemConfiguration.framework/Versions/A/SystemConfiguration
0x00000000055c1000 	/usr/lib/libCRFSuite.dylib
0x00000000055c1000 	/usr/lib/libc++.1.dylib
0x00000000055c1000 	/usr/lib/libc++abi.dylib
0x00000000055c1000 	/usr/lib/system/libcache.dylib
0x00000000055c1000 	/usr/lib/system/libcommonCrypto.dylib
0x00000000055c1000 	/usr/lib/system/libcompiler_rt.dylib
0x00000000055c1000 	/usr/lib/system/libcopyfile.dylib
0x00000000055c1000 	/usr/lib/system/libcorecrypto.dylib
0x00000000055c1000 	/usr/lib/system/libdispatch.dylib
0x00000000055c1000 	/usr/lib/system/libdyld.dylib
0x00000000055c1000 	/usr/lib/system/libkeymgr.dylib
0x00000000055c1000 	/usr/lib/system/liblaunch.dylib
0x00000000055c1000 	/usr/lib/system/libmacho.dylib
0x00000000055c1000 	/usr/lib/system/libquarantine.dylib
0x00000000055c1000 	/usr/lib/system/libremovefile.dylib
0x00000000055c1000 	/usr/lib/system/libsystem_asl.dylib
0x00000000055c1000 	/usr/lib/system/libsystem_blocks.dylib
0x00000000055c1000 	/usr/lib/system/libsystem_c.dylib
0x00000000055c1000 	/usr/lib/system/libsystem_configuration.dylib
0x00000000055c1000 	/usr/lib/system/libsystem_dnssd.dylib
0x00000000055c1000 	/usr/lib/system/libsystem_info.dylib
0x00000000055c1000 	/usr/lib/system/libsystem_kernel.dylib
0x00000000055c1000 	/usr/lib/system/libsystem_m.dylib
0x00000000055c1000 	/usr/lib/system/libsystem_malloc.dylib
0x00000000055c1000 	/usr/lib/system/libsystem_network.dylib
0x00000000055c1000 	/usr/lib/system/libsystem_notify.dylib
0x00000000055c1000 	/usr/lib/system/libsystem_platform.dylib
0x00000000055c1000 	/usr/lib/system/libsystem_pthread.dylib
0x00000000055c1000 	/usr/lib/system/libsystem_sandbox.dylib
0x00000000055c1000 	/usr/lib/system/libsystem_stats.dylib
0x00000000055c1000 	/usr/lib/system/libunc.dylib
0x00000000055c1000 	/usr/lib/system/libunwind.dylib
0x00000000055c1000 	/usr/lib/system/libxpc.dylib
0x00000000055c1000 	/usr/lib/libbsm.0.dylib
0x00000000055c1000 	/usr/lib/libsqlite3.dylib
0x00000000055c1000 	/usr/lib/libxar.1.dylib
0x00000000055c1000 	/usr/lib/libpam.2.dylib
0x00000000055c1000 	/usr/lib/libOpenScriptingUtil.dylib
0x00000000055c1000 	/usr/lib/libbz2.1.0.dylib
0x00000000055c1000 	/System/Library/Frameworks/CoreServices.framework/Versions/A/Frameworks/CarbonCore.framework/Versions/A/CarbonCore
0x00000000055c1000 	/System/Library/Frameworks/CoreServices.framework/Versions/A/Frameworks/Metadata.framework/Versions/A/Metadata
0x00000000055c1000 	/System/Library/Frameworks/CoreServices.framework/Versions/A/Frameworks/OSServices.framework/Versions/A/OSServices
0x00000000055c1000 	/System/Library/Frameworks/CoreServices.framework/Versions/A/Frameworks/SearchKit.framework/Versions/A/SearchKit
0x00000000055c1000 	/System/Library/Frameworks/CoreServices.framework/Versions/A/Frameworks/AE.framework/Versions/A/AE
0x00000000055c1000 	/System/Library/Frameworks/CoreServices.framework/Versions/A/Frameworks/LaunchServices.framework/Versions/A/LaunchServices
0x00000000055c1000 	/System/Library/Frameworks/CoreServices.framework/Versions/A/Frameworks/DictionaryServices.framework/Versions/A/DictionaryServices
0x00000000055c1000 	/System/Library/Frameworks/NetFS.framework/Versions/A/NetFS
0x00000000055c1000 	/usr/lib/system/libkxld.dylib
0x00000000055c1000 	/System/Library/PrivateFrameworks/NetAuth.framework/Versions/A/NetAuth
0x00000000055c1000 	/System/Library/PrivateFrameworks/TCC.framework/Versions/A/TCC
0x00000000055c1000 	/System/Library/Frameworks/OpenDirectory.framework/Versions/A/Frameworks/CFOpenDirectory.framework/Versions/A/CFOpenDirectory
0x00000000055c1000 	/System/Library/Frameworks/ServiceManagement.framework/Versions/A/ServiceManagement
0x00000000055c1000 	/usr/lib/libxslt.1.dylib
0x00000000055c1000 	/System/Library/Frameworks/Carbon.framework/Versions/A/Frameworks/Ink.framework/Versions/A/Ink
0x00000000055c1000 	/System/Library/Frameworks/ApplicationServices.framework/Versions/A/Frameworks/ATS.framework/Versions/A/ATS
0x00000000055c1000 	/System/Library/Frameworks/ApplicationServices.framework/Versions/A/Frameworks/ColorSync.framework/Versions/A/ColorSync
0x00000000055c1000 	/System/Library/Frameworks/ApplicationServices.framework/Versions/A/Frameworks/HIServices.framework/Versions/A/HIServices
0x00000000055c1000 	/System/Library/Frameworks/ApplicationServices.framework/Versions/A/Frameworks/LangAnalysis.framework/Versions/A/LangAnalysis
0x00000000055c1000 	/System/Library/Frameworks/ApplicationServices.framework/Versions/A/Frameworks/PrintCore.framework/Versions/A/PrintCore
0x00000000055c1000 	/System/Library/Frameworks/ApplicationServices.framework/Versions/A/Frameworks/QD.framework/Versions/A/QD
0x00000000055c1000 	/System/Library/Frameworks/ApplicationServices.framework/Versions/A/Frameworks/SpeechSynthesis.framework/Versions/A/SpeechSynthesis
0x00000000055c1000 	/System/Library/Frameworks/IOSurface.framework/Versions/A/IOSurface
0x00000000055c1000 	/System/Library/Frameworks/Accelerate.framework/Versions/A/Accelerate
0x00000000055c1000 	/System/Library/Frameworks/Accelerate.framework/Versions/A/Frameworks/vImage.framework/Versions/A/vImage
0x00000000055c1000 	/System/Library/Frameworks/Accelerate.framework/Versions/A/Frameworks/vecLib.framework/Versions/A/vecLib
0x00000000055c1000 	/System/Library/Frameworks/Accelerate.framework/Versions/A/Frameworks/vecLib.framework/Versions/A/libvDSP.dylib
0x00000000055c1000 	/System/Library/Frameworks/Accelerate.framework/Versions/A/Frameworks/vecLib.framework/Versions/A/libvMisc.dylib
0x00000000055c1000 	/System/Library/Frameworks/Accelerate.framework/Versions/A/Frameworks/vecLib.framework/Versions/A/libLAPACK.dylib
0x00000000055c1000 	/System/Library/Frameworks/Accelerate.framework/Versions/A/Frameworks/vecLib.framework/Versions/A/libBLAS.dylib
0x00000000055c1000 	/System/Library/Frameworks/ApplicationServices.framework/Versions/A/Frameworks/ATS.framework/Versions/A/Resources/libFontParser.dylib
0x00000000055c1000 	/System/Library/Frameworks/ApplicationServices.framework/Versions/A/Frameworks/ATS.framework/Versions/A/Resources/libFontRegistry.dylib
0x00000000055c1000 	/System/Library/Frameworks/ImageIO.framework/Versions/A/Resources/libJPEG.dylib
0x00000000055c1000 	/System/Library/Frameworks/ImageIO.framework/Versions/A/Resources/libTIFF.dylib
0x00000000055c1000 	/System/Library/Frameworks/ImageIO.framework/Versions/A/Resources/libPng.dylib
0x00000000055c1000 	/System/Library/Frameworks/ImageIO.framework/Versions/A/Resources/libGIF.dylib
0x00000000055c1000 	/System/Library/Frameworks/ImageIO.framework/Versions/A/Resources/libJP2.dylib
0x00000000055c1000 	/System/Library/Frameworks/ImageIO.framework/Versions/A/Resources/libRadiance.dylib
0x00000000055c1000 	/usr/lib/libcups.2.dylib
0x00000000055c1000 	/System/Library/Frameworks/Kerberos.framework/Versions/A/Kerberos
0x00000000055c1000 	/System/Library/Frameworks/GSS.framework/Versions/A/GSS
0x00000000055c1000 	/usr/lib/libresolv.9.dylib
0x00000000055c1000 	/usr/lib/libiconv.2.dylib
0x00000000055c1000 	/System/Library/PrivateFrameworks/Heimdal.framework/Versions/A/Heimdal
0x00000000055c1000 	/System/Library/PrivateFrameworks/TrustEvaluationAgent.framework/Versions/A/TrustEvaluationAgent
0x00000000055c1000 	/usr/lib/libheimdal-asn1.dylib
0x00000000055c1000 	/System/Library/Frameworks/OpenDirectory.framework/Versions/A/OpenDirectory
0x00000000055c1000 	/System/Library/PrivateFrameworks/CommonAuth.framework/Versions/A/CommonAuth
0x00000000055c1000 	/System/Library/Frameworks/SecurityFoundation.framework/Versions/A/SecurityFoundation
0x00000000055c1000 	/System/Library/PrivateFrameworks/Bom.framework/Versions/A/Bom
0x00000000055c1000 	/System/Library/Frameworks/CoreVideo.framework/Versions/A/CoreVideo
0x00000000055c1000 	/System/Library/Frameworks/QuartzCore.framework/Versions/A/Frameworks/CoreImage.framework/Versions/A/CoreImage
0x00000000055c1000 	/System/Library/Frameworks/QuartzCore.framework/Versions/A/Frameworks/ScalableUserInterface.framework/Versions/A/ScalableUserInterface
0x00000000055c1000 	/System/Library/Frameworks/OpenGL.framework/Versions/A/Libraries/libGLU.dylib
0x00000000055c1000 	/System/Library/Frameworks/OpenGL.framework/Versions/A/Libraries/libGFXShared.dylib
0x00000000055c1000 	/System/Library/Frameworks/OpenGL.framework/Versions/A/Libraries/libGL.dylib
0x00000000055c1000 	/System/Library/Frameworks/OpenGL.framework/Versions/A/Libraries/libGLImage.dylib
0x00000000055c1000 	/System/Library/Frameworks/OpenGL.framework/Versions/A/Libraries/libCVMSPluginSupport.dylib
0x00000000055c1000 	/System/Library/Frameworks/OpenGL.framework/Versions/A/Libraries/libCoreVMClient.dylib
0x00000000055c1000 	/System/Library/PrivateFrameworks/FaceCore.framework/Versions/A/FaceCore
0x00000000055c1000 	/System/Library/PrivateFrameworks/CrashReporterSupport.framework/Versions/A/CrashReporterSupport
0x00000000055c1000 	/System/Library/Frameworks/OpenCL.framework/Versions/A/OpenCL
0x00000000055c1000 	/System/Library/PrivateFrameworks/AppleFSCompression.framework/Versions/A/AppleFSCompression
0x00000000055c1000 	/System/Library/PrivateFrameworks/Ubiquity.framework/Versions/A/Ubiquity
0x00000000055c1000 	/System/Library/PrivateFrameworks/IconServices.framework/Versions/A/IconServices
0x00000000055c1000 	/System/Library/PrivateFrameworks/ChunkingLibrary.framework/Versions/A/ChunkingLibrary
0x00000000055c1000 	/System/Library/PrivateFrameworks/CoreSymbolication.framework/Versions/A/CoreSymbolication
0x00000000055c1000 	/System/Library/PrivateFrameworks/Symbolication.framework/Versions/A/Symbolication
0x00000000055c1000 	/System/Library/PrivateFrameworks/DebugSymbols.framework/Versions/A/DebugSymbols
0x0000000102800000 	/Library/Java/JavaVirtualMachines/jdk1.7.0_45.jdk/Contents/Home/jre/lib/server/libjvm.dylib
0x00000000055c1000 	/usr/lib/libstdc++.6.dylib
0x00000001017e1000 	/Library/Java/JavaVirtualMachines/jdk1.7.0_45.jdk/Contents/Home/jre/lib/libverify.dylib
0x0000000103356000 	/Library/Java/JavaVirtualMachines/jdk1.7.0_45.jdk/Contents/Home/jre/lib/libjava.dylib
0x0000000103386000 	/Library/Java/JavaVirtualMachines/jdk1.7.0_45.jdk/Contents/Home/jre/lib/libjdwp.dylib
0x00000001017ef000 	/Library/Java/JavaVirtualMachines/jdk1.7.0_45.jdk/Contents/Home/jre/lib/libnpt.dylib
0x00000001033c3000 	/Library/Java/JavaVirtualMachines/jdk1.7.0_45.jdk/Contents/Home/jre/lib/libzip.dylib
0x000000011022c000 	/System/Library/Frameworks/JavaVM.framework/Frameworks/JavaRuntimeSupport.framework/JavaRuntimeSupport
0x0000000110244000 	/System/Library/Frameworks/JavaVM.framework/Versions/A/Frameworks/JavaNativeFoundation.framework/Versions/A/JavaNativeFoundation
0x0000000110259000 	/System/Library/Frameworks/JavaVM.framework/Versions/A/JavaVM
0x00000000055c1000 	/System/Library/Frameworks/Carbon.framework/Versions/A/Carbon
0x0000000110266000 	/System/Library/PrivateFrameworks/JavaLaunching.framework/Versions/A/JavaLaunching
0x00000000055c1000 	/System/Library/Frameworks/Carbon.framework/Versions/A/Frameworks/CommonPanels.framework/Versions/A/CommonPanels
0x00000000055c1000 	/System/Library/Frameworks/Carbon.framework/Versions/A/Frameworks/Help.framework/Versions/A/Help
0x00000000055c1000 	/System/Library/Frameworks/Carbon.framework/Versions/A/Frameworks/ImageCapture.framework/Versions/A/ImageCapture
0x00000000055c1000 	/System/Library/Frameworks/Carbon.framework/Versions/A/Frameworks/OpenScripting.framework/Versions/A/OpenScripting
0x00000000055c1000 	/System/Library/Frameworks/Carbon.framework/Versions/A/Frameworks/Print.framework/Versions/A/Print
0x00000000055c1000 	/System/Library/Frameworks/Carbon.framework/Versions/A/Frameworks/SecurityHI.framework/Versions/A/SecurityHI
0x000000011047b000 	/Library/Java/JavaVirtualMachines/jdk1.7.0_45.jdk/Contents/Home/jre/lib/libdt_socket.dylib
0x0000000110bfd000 	/Library/Java/JavaVirtualMachines/jdk1.7.0_45.jdk/Contents/Home/jre/lib/libnet.dylib

VM Arguments:
jvm_args: -agentlib:jdwp=transport=dt_socket,suspend=y,address=localhost:62971 -Dfile.encoding=US-ASCII 
java_command: HTMLParser
Launcher Type: SUN_STANDARD

Environment Variables:
PATH=/usr/bin:/bin:/usr/sbin:/sbin
SHELL=/bin/bash

Signal Handlers:
SIGSEGV: [libjvm.dylib+0x525415], sa_mask[0]=0xfffefeff, sa_flags=0x00000043
SIGBUS: [libjvm.dylib+0x525415], sa_mask[0]=0xfffefeff, sa_flags=0x00000042
SIGFPE: [libjvm.dylib+0x41891a], sa_mask[0]=0xfffefeff, sa_flags=0x00000042
SIGPIPE: [libjvm.dylib+0x41891a], sa_mask[0]=0xfffefeff, sa_flags=0x00000042
SIGXFSZ: [libjvm.dylib+0x41891a], sa_mask[0]=0xfffefeff, sa_flags=0x00000042
SIGILL: [libjvm.dylib+0x41891a], sa_mask[0]=0xfffefeff, sa_flags=0x00000042
SIGUSR1: SIG_DFL, sa_mask[0]=0x00000000, sa_flags=0x00000002
SIGUSR2: [libjvm.dylib+0x41840c], sa_mask[0]=0x00000004, sa_flags=0x00000042
SIGHUP: [libjvm.dylib+0x41669b], sa_mask[0]=0xfffefeff, sa_flags=0x00000042
SIGINT: [libjvm.dylib+0x41669b], sa_mask[0]=0xfffefeff, sa_flags=0x00000042
SIGTERM: [libjvm.dylib+0x41669b], sa_mask[0]=0xfffefeff, sa_flags=0x00000042
SIGQUIT: [libjvm.dylib+0x41669b], sa_mask[0]=0xfffefeff, sa_flags=0x00000042


---------------  S Y S T E M  ---------------

OS:Bsduname:Darwin 13.3.0 Darwin Kernel Version 13.3.0: Tue Jun  3 21:27:35 PDT 2014; root:xnu-2422.110.17~1/RELEASE_X86_64 x86_64
rlimit: STACK 8192k, CORE 0k, NPROC 709, NOFILE 10240, AS infinity
load average:3.08 2.41 2.38

CPU:total 8 (4 cores per cpu, 2 threads per core) family 6 model 62 stepping 4, cmov, cx8, fxsr, mmx, sse, sse2, sse3, ssse3, sse4.1, sse4.2, popcnt, avx, aes, erms, ht, tsc, tscinvbit

Memory: 4k page, physical 12582912k(3145728k free)

/proc/meminfo:


vm_info: Java HotSpot(TM) 64-Bit Server VM (24.45-b08) for bsd-amd64 JRE (1.7.0_45-b18), built on Oct  8 2013 05:54:16 by "java_re" with gcc 4.2.1 (Based on Apple Inc. build 5658) (LLVM build 2336.11.00)

time: Thu Feb 26 11:44:02 2015
elapsed time: 70763 seconds

